[2022-07-03 13:48:29,483] {taskinstance.py:1159} INFO - Dependencies all met for <TaskInstance: our_first_dag_v5.first_task manual__2022-07-03T13:48:27.463893+00:00 [queued]>
[2022-07-03 13:48:29,503] {taskinstance.py:1159} INFO - Dependencies all met for <TaskInstance: our_first_dag_v5.first_task manual__2022-07-03T13:48:27.463893+00:00 [queued]>
[2022-07-03 13:48:29,505] {taskinstance.py:1356} INFO - 
--------------------------------------------------------------------------------
[2022-07-03 13:48:29,508] {taskinstance.py:1357} INFO - Starting attempt 1 of 6
[2022-07-03 13:48:29,510] {taskinstance.py:1358} INFO - 
--------------------------------------------------------------------------------
[2022-07-03 13:48:29,539] {taskinstance.py:1377} INFO - Executing <Task(BashOperator): first_task> on 2022-07-03 13:48:27.463893+00:00
[2022-07-03 13:48:29,567] {standard_task_runner.py:52} INFO - Started process 1641 to run task
[2022-07-03 13:48:29,575] {standard_task_runner.py:79} INFO - Running: ['***', 'tasks', 'run', 'our_first_dag_v5', 'first_task', 'manual__2022-07-03T13:48:27.463893+00:00', '--job-id', '12', '--raw', '--subdir', 'DAGS_FOLDER/our_first_dag.py', '--cfg-path', '/tmp/tmp1x_w3twl', '--error-file', '/tmp/tmp6q_6y94m']
[2022-07-03 13:48:29,580] {standard_task_runner.py:80} INFO - Job 12: Subtask first_task
[2022-07-03 13:48:29,784] {task_command.py:370} INFO - Running <TaskInstance: our_first_dag_v5.first_task manual__2022-07-03T13:48:27.463893+00:00 [running]> on host 677d749653ef
[2022-07-03 13:48:30,129] {taskinstance.py:1571} INFO - Exporting the following env vars:
AIRFLOW_CTX_DAG_OWNER=coder2j
AIRFLOW_CTX_DAG_ID=our_first_dag_v5
AIRFLOW_CTX_TASK_ID=first_task
AIRFLOW_CTX_EXECUTION_DATE=2022-07-03T13:48:27.463893+00:00
AIRFLOW_CTX_TRY_NUMBER=1
AIRFLOW_CTX_DAG_RUN_ID=manual__2022-07-03T13:48:27.463893+00:00
[2022-07-03 13:48:30,140] {subprocess.py:62} INFO - Tmp dir root location: 
 /tmp
[2022-07-03 13:48:30,155] {subprocess.py:74} INFO - Running command: ['bash', '-c', 'echo hello world, this is the first task']
[2022-07-03 13:48:30,194] {subprocess.py:85} INFO - Output:
[2022-07-03 13:48:30,226] {subprocess.py:92} INFO - hello world, this is the first task
[2022-07-03 13:48:30,248] {subprocess.py:96} INFO - Command exited with return code 0
[2022-07-03 13:48:30,352] {taskinstance.py:1400} INFO - Marking task as SUCCESS. dag_id=our_first_dag_v5, task_id=first_task, execution_date=20220703T134827, start_date=20220703T134829, end_date=20220703T134830
[2022-07-03 13:48:30,455] {local_task_job.py:156} INFO - Task exited with return code 0
[2022-07-03 13:48:30,565] {local_task_job.py:273} INFO - 2 downstream tasks scheduled from follow-on schedule check
