[2022-07-03 14:20:17,640] {taskinstance.py:1159} INFO - Dependencies all met for <TaskInstance: our_dag_with_python_operator_v07.greet manual__2022-07-03T14:20:12.262512+00:00 [queued]>
[2022-07-03 14:20:17,667] {taskinstance.py:1159} INFO - Dependencies all met for <TaskInstance: our_dag_with_python_operator_v07.greet manual__2022-07-03T14:20:12.262512+00:00 [queued]>
[2022-07-03 14:20:17,670] {taskinstance.py:1356} INFO - 
--------------------------------------------------------------------------------
[2022-07-03 14:20:17,673] {taskinstance.py:1357} INFO - Starting attempt 1 of 6
[2022-07-03 14:20:17,685] {taskinstance.py:1358} INFO - 
--------------------------------------------------------------------------------
[2022-07-03 14:20:17,729] {taskinstance.py:1377} INFO - Executing <Task(PythonOperator): greet> on 2022-07-03 14:20:12.262512+00:00
[2022-07-03 14:20:17,754] {standard_task_runner.py:52} INFO - Started process 3722 to run task
[2022-07-03 14:20:17,760] {standard_task_runner.py:79} INFO - Running: ['***', 'tasks', 'run', 'our_dag_with_python_operator_v07', 'greet', 'manual__2022-07-03T14:20:12.262512+00:00', '--job-id', '34', '--raw', '--subdir', 'DAGS_FOLDER/create_dag_with_python_operator.py', '--cfg-path', '/tmp/tmpgcts_33r', '--error-file', '/tmp/tmpgno2uyle']
[2022-07-03 14:20:17,767] {standard_task_runner.py:80} INFO - Job 34: Subtask greet
[2022-07-03 14:20:17,984] {task_command.py:370} INFO - Running <TaskInstance: our_dag_with_python_operator_v07.greet manual__2022-07-03T14:20:12.262512+00:00 [running]> on host 677d749653ef
[2022-07-03 14:20:18,421] {taskinstance.py:1571} INFO - Exporting the following env vars:
AIRFLOW_CTX_DAG_OWNER=coder2j
AIRFLOW_CTX_DAG_ID=our_dag_with_python_operator_v07
AIRFLOW_CTX_TASK_ID=greet
AIRFLOW_CTX_EXECUTION_DATE=2022-07-03T14:20:12.262512+00:00
AIRFLOW_CTX_TRY_NUMBER=1
AIRFLOW_CTX_DAG_RUN_ID=manual__2022-07-03T14:20:12.262512+00:00
[2022-07-03 14:20:18,523] {logging_mixin.py:115} INFO - Hello World! My name is Jerry Friedman, and I am 19 years old!
[2022-07-03 14:20:18,538] {python.py:173} INFO - Done. Returned value was: None
[2022-07-03 14:20:18,574] {taskinstance.py:1400} INFO - Marking task as SUCCESS. dag_id=our_dag_with_python_operator_v07, task_id=greet, execution_date=20220703T142012, start_date=20220703T142017, end_date=20220703T142018
[2022-07-03 14:20:18,662] {local_task_job.py:156} INFO - Task exited with return code 0
[2022-07-03 14:20:18,804] {local_task_job.py:273} INFO - 0 downstream tasks scheduled from follow-on schedule check
