[2022-07-03 14:15:48,258] {taskinstance.py:1159} INFO - Dependencies all met for <TaskInstance: our_dag_with_python_operator_v06.get_name scheduled__2022-07-02T00:00:00+00:00 [queued]>
[2022-07-03 14:15:48,287] {taskinstance.py:1159} INFO - Dependencies all met for <TaskInstance: our_dag_with_python_operator_v06.get_name scheduled__2022-07-02T00:00:00+00:00 [queued]>
[2022-07-03 14:15:48,290] {taskinstance.py:1356} INFO - 
--------------------------------------------------------------------------------
[2022-07-03 14:15:48,293] {taskinstance.py:1357} INFO - Starting attempt 1 of 6
[2022-07-03 14:15:48,297] {taskinstance.py:1358} INFO - 
--------------------------------------------------------------------------------
[2022-07-03 14:15:48,322] {taskinstance.py:1377} INFO - Executing <Task(PythonOperator): get_name> on 2022-07-02 00:00:00+00:00
[2022-07-03 14:15:48,341] {standard_task_runner.py:52} INFO - Started process 3427 to run task
[2022-07-03 14:15:48,350] {standard_task_runner.py:79} INFO - Running: ['***', 'tasks', 'run', 'our_dag_with_python_operator_v06', 'get_name', 'scheduled__2022-07-02T00:00:00+00:00', '--job-id', '25', '--raw', '--subdir', 'DAGS_FOLDER/create_dag_with_python_operator.py', '--cfg-path', '/tmp/tmppun682mj', '--error-file', '/tmp/tmpu3wuha1l']
[2022-07-03 14:15:48,354] {standard_task_runner.py:80} INFO - Job 25: Subtask get_name
[2022-07-03 14:15:48,544] {task_command.py:370} INFO - Running <TaskInstance: our_dag_with_python_operator_v06.get_name scheduled__2022-07-02T00:00:00+00:00 [running]> on host 677d749653ef
[2022-07-03 14:15:48,884] {taskinstance.py:1571} INFO - Exporting the following env vars:
AIRFLOW_CTX_DAG_OWNER=coder2j
AIRFLOW_CTX_DAG_ID=our_dag_with_python_operator_v06
AIRFLOW_CTX_TASK_ID=get_name
AIRFLOW_CTX_EXECUTION_DATE=2022-07-02T00:00:00+00:00
AIRFLOW_CTX_TRY_NUMBER=1
AIRFLOW_CTX_DAG_RUN_ID=scheduled__2022-07-02T00:00:00+00:00
[2022-07-03 14:15:48,998] {python.py:173} INFO - Done. Returned value was: None
[2022-07-03 14:15:49,050] {taskinstance.py:1400} INFO - Marking task as SUCCESS. dag_id=our_dag_with_python_operator_v06, task_id=get_name, execution_date=20220702T000000, start_date=20220703T141548, end_date=20220703T141549
[2022-07-03 14:15:49,141] {local_task_job.py:156} INFO - Task exited with return code 0
[2022-07-03 14:15:49,309] {local_task_job.py:273} INFO - 1 downstream tasks scheduled from follow-on schedule check
