[2022-07-03 13:55:02,890] {taskinstance.py:1159} INFO - Dependencies all met for <TaskInstance: our_dag_with_python_operator_v01.greet scheduled__2022-07-02T00:00:00+00:00 [queued]>
[2022-07-03 13:55:02,933] {taskinstance.py:1159} INFO - Dependencies all met for <TaskInstance: our_dag_with_python_operator_v01.greet scheduled__2022-07-02T00:00:00+00:00 [queued]>
[2022-07-03 13:55:02,939] {taskinstance.py:1356} INFO - 
--------------------------------------------------------------------------------
[2022-07-03 13:55:02,944] {taskinstance.py:1357} INFO - Starting attempt 1 of 6
[2022-07-03 13:55:02,950] {taskinstance.py:1358} INFO - 
--------------------------------------------------------------------------------
[2022-07-03 13:55:03,021] {taskinstance.py:1377} INFO - Executing <Task(PythonOperator): greet> on 2022-07-02 00:00:00+00:00
[2022-07-03 13:55:03,060] {standard_task_runner.py:52} INFO - Started process 2046 to run task
[2022-07-03 13:55:03,114] {standard_task_runner.py:79} INFO - Running: ['***', 'tasks', 'run', 'our_dag_with_python_operator_v01', 'greet', 'scheduled__2022-07-02T00:00:00+00:00', '--job-id', '16', '--raw', '--subdir', 'DAGS_FOLDER/create_dag_with_python_operator.py', '--cfg-path', '/tmp/tmph2__vr5r', '--error-file', '/tmp/tmpqkyjr2bq']
[2022-07-03 13:55:03,145] {standard_task_runner.py:80} INFO - Job 16: Subtask greet
[2022-07-03 13:55:03,565] {task_command.py:370} INFO - Running <TaskInstance: our_dag_with_python_operator_v01.greet scheduled__2022-07-02T00:00:00+00:00 [running]> on host 677d749653ef
[2022-07-03 13:55:03,879] {taskinstance.py:1571} INFO - Exporting the following env vars:
AIRFLOW_CTX_DAG_OWNER=coder2j
AIRFLOW_CTX_DAG_ID=our_dag_with_python_operator_v01
AIRFLOW_CTX_TASK_ID=greet
AIRFLOW_CTX_EXECUTION_DATE=2022-07-02T00:00:00+00:00
AIRFLOW_CTX_TRY_NUMBER=1
AIRFLOW_CTX_DAG_RUN_ID=scheduled__2022-07-02T00:00:00+00:00
[2022-07-03 13:55:03,904] {logging_mixin.py:115} INFO - Hello World!
[2022-07-03 13:55:03,927] {python.py:173} INFO - Done. Returned value was: None
[2022-07-03 13:55:04,056] {taskinstance.py:1400} INFO - Marking task as SUCCESS. dag_id=our_dag_with_python_operator_v01, task_id=greet, execution_date=20220702T000000, start_date=20220703T135502, end_date=20220703T135504
[2022-07-03 13:55:04,317] {local_task_job.py:156} INFO - Task exited with return code 0
[2022-07-03 13:55:04,679] {local_task_job.py:273} INFO - 0 downstream tasks scheduled from follow-on schedule check
