[2022-07-03 14:13:05,234] {taskinstance.py:1159} INFO - Dependencies all met for <TaskInstance: our_dag_with_python_operator_v05.get_name manual__2022-07-03T14:13:03.675366+00:00 [queued]>
[2022-07-03 14:13:05,259] {taskinstance.py:1159} INFO - Dependencies all met for <TaskInstance: our_dag_with_python_operator_v05.get_name manual__2022-07-03T14:13:03.675366+00:00 [queued]>
[2022-07-03 14:13:05,263] {taskinstance.py:1356} INFO - 
--------------------------------------------------------------------------------
[2022-07-03 14:13:05,266] {taskinstance.py:1357} INFO - Starting attempt 1 of 6
[2022-07-03 14:13:05,270] {taskinstance.py:1358} INFO - 
--------------------------------------------------------------------------------
[2022-07-03 14:13:05,307] {taskinstance.py:1377} INFO - Executing <Task(PythonOperator): get_name> on 2022-07-03 14:13:03.675366+00:00
[2022-07-03 14:13:05,327] {standard_task_runner.py:52} INFO - Started process 3249 to run task
[2022-07-03 14:13:05,336] {standard_task_runner.py:79} INFO - Running: ['***', 'tasks', 'run', 'our_dag_with_python_operator_v05', 'get_name', 'manual__2022-07-03T14:13:03.675366+00:00', '--job-id', '21', '--raw', '--subdir', 'DAGS_FOLDER/create_dag_with_python_operator.py', '--cfg-path', '/tmp/tmptd205a3q', '--error-file', '/tmp/tmp7unp24mz']
[2022-07-03 14:13:05,342] {standard_task_runner.py:80} INFO - Job 21: Subtask get_name
[2022-07-03 14:13:05,486] {task_command.py:370} INFO - Running <TaskInstance: our_dag_with_python_operator_v05.get_name manual__2022-07-03T14:13:03.675366+00:00 [running]> on host 677d749653ef
[2022-07-03 14:13:05,852] {taskinstance.py:1571} INFO - Exporting the following env vars:
AIRFLOW_CTX_DAG_OWNER=coder2j
AIRFLOW_CTX_DAG_ID=our_dag_with_python_operator_v05
AIRFLOW_CTX_TASK_ID=get_name
AIRFLOW_CTX_EXECUTION_DATE=2022-07-03T14:13:03.675366+00:00
AIRFLOW_CTX_TRY_NUMBER=1
AIRFLOW_CTX_DAG_RUN_ID=manual__2022-07-03T14:13:03.675366+00:00
[2022-07-03 14:13:05,867] {python.py:173} INFO - Done. Returned value was: Jerry
[2022-07-03 14:13:05,968] {taskinstance.py:1400} INFO - Marking task as SUCCESS. dag_id=our_dag_with_python_operator_v05, task_id=get_name, execution_date=20220703T141303, start_date=20220703T141305, end_date=20220703T141305
[2022-07-03 14:13:06,106] {local_task_job.py:156} INFO - Task exited with return code 0
[2022-07-03 14:13:06,291] {local_task_job.py:273} INFO - 1 downstream tasks scheduled from follow-on schedule check
