[2022-07-03 10:03:43,006] {taskinstance.py:1159} INFO - Dependencies all met for <TaskInstance: example_bash_operator.runme_1 manual__2022-07-03T10:03:25.858837+00:00 [queued]>
[2022-07-03 10:03:43,370] {taskinstance.py:1159} INFO - Dependencies all met for <TaskInstance: example_bash_operator.runme_1 manual__2022-07-03T10:03:25.858837+00:00 [queued]>
[2022-07-03 10:03:43,382] {taskinstance.py:1356} INFO - 
--------------------------------------------------------------------------------
[2022-07-03 10:03:43,386] {taskinstance.py:1357} INFO - Starting attempt 1 of 1
[2022-07-03 10:03:43,389] {taskinstance.py:1358} INFO - 
--------------------------------------------------------------------------------
[2022-07-03 10:03:44,036] {taskinstance.py:1377} INFO - Executing <Task(BashOperator): runme_1> on 2022-07-03 10:03:25.858837+00:00
[2022-07-03 10:03:44,174] {standard_task_runner.py:52} INFO - Started process 1597 to run task
[2022-07-03 10:03:44,660] {standard_task_runner.py:79} INFO - Running: ['***', 'tasks', 'run', 'example_bash_operator', 'runme_1', 'manual__2022-07-03T10:03:25.858837+00:00', '--job-id', '6', '--raw', '--subdir', '/home/***/.local/lib/python3.7/site-packages/***/example_dags/example_bash_operator.py', '--cfg-path', '/tmp/tmp5f541mv7', '--error-file', '/tmp/tmp838g5pos']
[2022-07-03 10:03:44,874] {standard_task_runner.py:80} INFO - Job 6: Subtask runme_1
[2022-07-03 10:03:56,353] {task_command.py:370} INFO - Running <TaskInstance: example_bash_operator.runme_1 manual__2022-07-03T10:03:25.858837+00:00 [running]> on host 5f7c6419fd02
[2022-07-03 10:04:36,368] {taskinstance.py:1571} INFO - Exporting the following env vars:
AIRFLOW_CTX_DAG_OWNER=***
AIRFLOW_CTX_DAG_ID=example_bash_operator
AIRFLOW_CTX_TASK_ID=runme_1
AIRFLOW_CTX_EXECUTION_DATE=2022-07-03T10:03:25.858837+00:00
AIRFLOW_CTX_TRY_NUMBER=1
AIRFLOW_CTX_DAG_RUN_ID=manual__2022-07-03T10:03:25.858837+00:00
[2022-07-03 10:04:36,428] {subprocess.py:62} INFO - Tmp dir root location: 
 /tmp
[2022-07-03 10:04:36,465] {subprocess.py:74} INFO - Running command: ['bash', '-c', 'echo "example_bash_operator__runme_1__20220703" && sleep 1']
[2022-07-03 10:04:37,062] {subprocess.py:85} INFO - Output:
[2022-07-03 10:04:37,402] {subprocess.py:92} INFO - example_bash_operator__runme_1__20220703
[2022-07-03 10:04:38,438] {subprocess.py:96} INFO - Command exited with return code 0
[2022-07-03 10:04:47,587] {taskinstance.py:1400} INFO - Marking task as SUCCESS. dag_id=example_bash_operator, task_id=runme_1, execution_date=20220703T100325, start_date=20220703T100343, end_date=20220703T100447
[2022-07-03 10:04:49,181] {local_task_job.py:156} INFO - Task exited with return code 0
[2022-07-03 10:04:50,550] {local_task_job.py:273} INFO - 0 downstream tasks scheduled from follow-on schedule check
