[2022-07-03 14:13:07,580] {taskinstance.py:1159} INFO - Dependencies all met for <TaskInstance: our_dag_with_python_operator_v05.greet scheduled__2022-07-02T00:00:00+00:00 [queued]>
[2022-07-03 14:13:07,607] {taskinstance.py:1159} INFO - Dependencies all met for <TaskInstance: our_dag_with_python_operator_v05.greet scheduled__2022-07-02T00:00:00+00:00 [queued]>
[2022-07-03 14:13:07,611] {taskinstance.py:1356} INFO - 
--------------------------------------------------------------------------------
[2022-07-03 14:13:07,616] {taskinstance.py:1357} INFO - Starting attempt 1 of 6
[2022-07-03 14:13:07,618] {taskinstance.py:1358} INFO - 
--------------------------------------------------------------------------------
[2022-07-03 14:13:07,664] {taskinstance.py:1377} INFO - Executing <Task(PythonOperator): greet> on 2022-07-02 00:00:00+00:00
[2022-07-03 14:13:07,688] {standard_task_runner.py:52} INFO - Started process 3254 to run task
[2022-07-03 14:13:07,697] {standard_task_runner.py:79} INFO - Running: ['***', 'tasks', 'run', 'our_dag_with_python_operator_v05', 'greet', 'scheduled__2022-07-02T00:00:00+00:00', '--job-id', '24', '--raw', '--subdir', 'DAGS_FOLDER/create_dag_with_python_operator.py', '--cfg-path', '/tmp/tmp5acg9zjj', '--error-file', '/tmp/tmp7_2f1mek']
[2022-07-03 14:13:07,712] {standard_task_runner.py:80} INFO - Job 24: Subtask greet
[2022-07-03 14:13:08,239] {task_command.py:370} INFO - Running <TaskInstance: our_dag_with_python_operator_v05.greet scheduled__2022-07-02T00:00:00+00:00 [running]> on host 677d749653ef
[2022-07-03 14:13:08,645] {taskinstance.py:1571} INFO - Exporting the following env vars:
AIRFLOW_CTX_DAG_OWNER=coder2j
AIRFLOW_CTX_DAG_ID=our_dag_with_python_operator_v05
AIRFLOW_CTX_TASK_ID=greet
AIRFLOW_CTX_EXECUTION_DATE=2022-07-02T00:00:00+00:00
AIRFLOW_CTX_TRY_NUMBER=1
AIRFLOW_CTX_DAG_RUN_ID=scheduled__2022-07-02T00:00:00+00:00
[2022-07-03 14:13:08,688] {logging_mixin.py:115} INFO - Hello World! My name is Jerry, and I am 20 years old!
[2022-07-03 14:13:08,695] {python.py:173} INFO - Done. Returned value was: None
[2022-07-03 14:13:08,730] {taskinstance.py:1400} INFO - Marking task as SUCCESS. dag_id=our_dag_with_python_operator_v05, task_id=greet, execution_date=20220702T000000, start_date=20220703T141307, end_date=20220703T141308
[2022-07-03 14:13:08,824] {local_task_job.py:156} INFO - Task exited with return code 0
[2022-07-03 14:13:08,946] {local_task_job.py:273} INFO - 0 downstream tasks scheduled from follow-on schedule check
