[2022-07-03 13:39:20,721] {taskinstance.py:1159} INFO - Dependencies all met for <TaskInstance: our_first_dag.first_task manual__2022-07-03T13:39:19.086425+00:00 [queued]>
[2022-07-03 13:39:20,754] {taskinstance.py:1159} INFO - Dependencies all met for <TaskInstance: our_first_dag.first_task manual__2022-07-03T13:39:19.086425+00:00 [queued]>
[2022-07-03 13:39:20,757] {taskinstance.py:1356} INFO - 
--------------------------------------------------------------------------------
[2022-07-03 13:39:20,761] {taskinstance.py:1357} INFO - Starting attempt 1 of 6
[2022-07-03 13:39:20,765] {taskinstance.py:1358} INFO - 
--------------------------------------------------------------------------------
[2022-07-03 13:39:20,802] {taskinstance.py:1377} INFO - Executing <Task(BashOperator): first_task> on 2022-07-03 13:39:19.086425+00:00
[2022-07-03 13:39:20,816] {standard_task_runner.py:52} INFO - Started process 1072 to run task
[2022-07-03 13:39:20,825] {standard_task_runner.py:79} INFO - Running: ['***', 'tasks', 'run', 'our_first_dag', 'first_task', 'manual__2022-07-03T13:39:19.086425+00:00', '--job-id', '3', '--raw', '--subdir', 'DAGS_FOLDER/our_first_dag.py', '--cfg-path', '/tmp/tmpiinzu393', '--error-file', '/tmp/tmpya0cfijt']
[2022-07-03 13:39:20,838] {standard_task_runner.py:80} INFO - Job 3: Subtask first_task
[2022-07-03 13:39:21,008] {task_command.py:370} INFO - Running <TaskInstance: our_first_dag.first_task manual__2022-07-03T13:39:19.086425+00:00 [running]> on host 677d749653ef
[2022-07-03 13:39:21,287] {taskinstance.py:1571} INFO - Exporting the following env vars:
AIRFLOW_CTX_DAG_OWNER=coder2j
AIRFLOW_CTX_DAG_ID=our_first_dag
AIRFLOW_CTX_TASK_ID=first_task
AIRFLOW_CTX_EXECUTION_DATE=2022-07-03T13:39:19.086425+00:00
AIRFLOW_CTX_TRY_NUMBER=1
AIRFLOW_CTX_DAG_RUN_ID=manual__2022-07-03T13:39:19.086425+00:00
[2022-07-03 13:39:21,299] {subprocess.py:62} INFO - Tmp dir root location: 
 /tmp
[2022-07-03 13:39:21,314] {subprocess.py:74} INFO - Running command: ['bash', '-c', 'echo hello world, this is the first task']
[2022-07-03 13:39:21,378] {subprocess.py:85} INFO - Output:
[2022-07-03 13:39:21,425] {subprocess.py:92} INFO - hello world, this is the first task
[2022-07-03 13:39:21,440] {subprocess.py:96} INFO - Command exited with return code 0
[2022-07-03 13:39:21,534] {taskinstance.py:1400} INFO - Marking task as SUCCESS. dag_id=our_first_dag, task_id=first_task, execution_date=20220703T133919, start_date=20220703T133920, end_date=20220703T133921
[2022-07-03 13:39:21,592] {local_task_job.py:156} INFO - Task exited with return code 0
[2022-07-03 13:39:21,660] {local_task_job.py:273} INFO - 0 downstream tasks scheduled from follow-on schedule check
