[2022-07-03 13:47:34,953] {taskinstance.py:1159} INFO - Dependencies all met for <TaskInstance: our_first_dag_v4.first_task manual__2022-07-03T13:47:33.061899+00:00 [queued]>
[2022-07-03 13:47:34,987] {taskinstance.py:1159} INFO - Dependencies all met for <TaskInstance: our_first_dag_v4.first_task manual__2022-07-03T13:47:33.061899+00:00 [queued]>
[2022-07-03 13:47:34,990] {taskinstance.py:1356} INFO - 
--------------------------------------------------------------------------------
[2022-07-03 13:47:34,994] {taskinstance.py:1357} INFO - Starting attempt 1 of 6
[2022-07-03 13:47:34,997] {taskinstance.py:1358} INFO - 
--------------------------------------------------------------------------------
[2022-07-03 13:47:35,043] {taskinstance.py:1377} INFO - Executing <Task(BashOperator): first_task> on 2022-07-03 13:47:33.061899+00:00
[2022-07-03 13:47:35,097] {standard_task_runner.py:52} INFO - Started process 1574 to run task
[2022-07-03 13:47:35,110] {standard_task_runner.py:79} INFO - Running: ['***', 'tasks', 'run', 'our_first_dag_v4', 'first_task', 'manual__2022-07-03T13:47:33.061899+00:00', '--job-id', '9', '--raw', '--subdir', 'DAGS_FOLDER/our_first_dag.py', '--cfg-path', '/tmp/tmph_4gyx54', '--error-file', '/tmp/tmppsutwx3o']
[2022-07-03 13:47:35,115] {standard_task_runner.py:80} INFO - Job 9: Subtask first_task
[2022-07-03 13:47:35,311] {task_command.py:370} INFO - Running <TaskInstance: our_first_dag_v4.first_task manual__2022-07-03T13:47:33.061899+00:00 [running]> on host 677d749653ef
[2022-07-03 13:47:35,697] {taskinstance.py:1571} INFO - Exporting the following env vars:
AIRFLOW_CTX_DAG_OWNER=coder2j
AIRFLOW_CTX_DAG_ID=our_first_dag_v4
AIRFLOW_CTX_TASK_ID=first_task
AIRFLOW_CTX_EXECUTION_DATE=2022-07-03T13:47:33.061899+00:00
AIRFLOW_CTX_TRY_NUMBER=1
AIRFLOW_CTX_DAG_RUN_ID=manual__2022-07-03T13:47:33.061899+00:00
[2022-07-03 13:47:35,746] {subprocess.py:62} INFO - Tmp dir root location: 
 /tmp
[2022-07-03 13:47:35,760] {subprocess.py:74} INFO - Running command: ['bash', '-c', 'echo hello world, this is the first task']
[2022-07-03 13:47:35,816] {subprocess.py:85} INFO - Output:
[2022-07-03 13:47:35,837] {subprocess.py:92} INFO - hello world, this is the first task
[2022-07-03 13:47:35,842] {subprocess.py:96} INFO - Command exited with return code 0
[2022-07-03 13:47:35,950] {taskinstance.py:1400} INFO - Marking task as SUCCESS. dag_id=our_first_dag_v4, task_id=first_task, execution_date=20220703T134733, start_date=20220703T134734, end_date=20220703T134735
[2022-07-03 13:47:36,032] {local_task_job.py:156} INFO - Task exited with return code 0
[2022-07-03 13:47:36,194] {local_task_job.py:273} INFO - 2 downstream tasks scheduled from follow-on schedule check
