[2022-07-03 10:03:38,992] {taskinstance.py:1159} INFO - Dependencies all met for <TaskInstance: example_bash_operator.runme_2 manual__2022-07-03T10:03:25.858837+00:00 [queued]>
[2022-07-03 10:03:39,183] {taskinstance.py:1159} INFO - Dependencies all met for <TaskInstance: example_bash_operator.runme_2 manual__2022-07-03T10:03:25.858837+00:00 [queued]>
[2022-07-03 10:03:39,191] {taskinstance.py:1356} INFO - 
--------------------------------------------------------------------------------
[2022-07-03 10:03:39,200] {taskinstance.py:1357} INFO - Starting attempt 1 of 1
[2022-07-03 10:03:39,209] {taskinstance.py:1358} INFO - 
--------------------------------------------------------------------------------
[2022-07-03 10:03:39,602] {taskinstance.py:1377} INFO - Executing <Task(BashOperator): runme_2> on 2022-07-03 10:03:25.858837+00:00
[2022-07-03 10:03:39,730] {standard_task_runner.py:52} INFO - Started process 1594 to run task
[2022-07-03 10:03:40,279] {standard_task_runner.py:79} INFO - Running: ['***', 'tasks', 'run', 'example_bash_operator', 'runme_2', 'manual__2022-07-03T10:03:25.858837+00:00', '--job-id', '4', '--raw', '--subdir', '/home/***/.local/lib/python3.7/site-packages/***/example_dags/example_bash_operator.py', '--cfg-path', '/tmp/tmp501f6jyg', '--error-file', '/tmp/tmpuw4gy1w1']
[2022-07-03 10:03:40,585] {standard_task_runner.py:80} INFO - Job 4: Subtask runme_2
[2022-07-03 10:03:43,468] {task_command.py:370} INFO - Running <TaskInstance: example_bash_operator.runme_2 manual__2022-07-03T10:03:25.858837+00:00 [running]> on host 5f7c6419fd02
[2022-07-03 10:04:22,227] {taskinstance.py:1571} INFO - Exporting the following env vars:
AIRFLOW_CTX_DAG_OWNER=***
AIRFLOW_CTX_DAG_ID=example_bash_operator
AIRFLOW_CTX_TASK_ID=runme_2
AIRFLOW_CTX_EXECUTION_DATE=2022-07-03T10:03:25.858837+00:00
AIRFLOW_CTX_TRY_NUMBER=1
AIRFLOW_CTX_DAG_RUN_ID=manual__2022-07-03T10:03:25.858837+00:00
[2022-07-03 10:04:22,420] {subprocess.py:62} INFO - Tmp dir root location: 
 /tmp
[2022-07-03 10:04:22,521] {subprocess.py:74} INFO - Running command: ['bash', '-c', 'echo "example_bash_operator__runme_2__20220703" && sleep 1']
[2022-07-03 10:04:24,207] {subprocess.py:85} INFO - Output:
[2022-07-03 10:04:24,634] {subprocess.py:92} INFO - example_bash_operator__runme_2__20220703
[2022-07-03 10:04:26,344] {subprocess.py:96} INFO - Command exited with return code 0
[2022-07-03 10:04:29,914] {taskinstance.py:1400} INFO - Marking task as SUCCESS. dag_id=example_bash_operator, task_id=runme_2, execution_date=20220703T100325, start_date=20220703T100339, end_date=20220703T100429
[2022-07-03 10:04:32,658] {local_task_job.py:156} INFO - Task exited with return code 0
[2022-07-03 10:04:47,441] {local_task_job.py:273} INFO - 0 downstream tasks scheduled from follow-on schedule check
