[2022-07-03 14:10:24,984] {taskinstance.py:1159} INFO - Dependencies all met for <TaskInstance: our_dag_with_python_operator_v03.get_name manual__2022-07-03T14:10:23.358973+00:00 [queued]>
[2022-07-03 14:10:25,014] {taskinstance.py:1159} INFO - Dependencies all met for <TaskInstance: our_dag_with_python_operator_v03.get_name manual__2022-07-03T14:10:23.358973+00:00 [queued]>
[2022-07-03 14:10:25,017] {taskinstance.py:1356} INFO - 
--------------------------------------------------------------------------------
[2022-07-03 14:10:25,019] {taskinstance.py:1357} INFO - Starting attempt 1 of 6
[2022-07-03 14:10:25,021] {taskinstance.py:1358} INFO - 
--------------------------------------------------------------------------------
[2022-07-03 14:10:25,067] {taskinstance.py:1377} INFO - Executing <Task(PythonOperator): get_name> on 2022-07-03 14:10:23.358973+00:00
[2022-07-03 14:10:25,084] {standard_task_runner.py:52} INFO - Started process 3080 to run task
[2022-07-03 14:10:25,097] {standard_task_runner.py:79} INFO - Running: ['***', 'tasks', 'run', 'our_dag_with_python_operator_v03', 'get_name', 'manual__2022-07-03T14:10:23.358973+00:00', '--job-id', '20', '--raw', '--subdir', 'DAGS_FOLDER/create_dag_with_python_operator.py', '--cfg-path', '/tmp/tmp2bnp5kbo', '--error-file', '/tmp/tmp78gg8hp9']
[2022-07-03 14:10:25,103] {standard_task_runner.py:80} INFO - Job 20: Subtask get_name
[2022-07-03 14:10:25,288] {task_command.py:370} INFO - Running <TaskInstance: our_dag_with_python_operator_v03.get_name manual__2022-07-03T14:10:23.358973+00:00 [running]> on host 677d749653ef
[2022-07-03 14:10:25,716] {taskinstance.py:1571} INFO - Exporting the following env vars:
AIRFLOW_CTX_DAG_OWNER=coder2j
AIRFLOW_CTX_DAG_ID=our_dag_with_python_operator_v03
AIRFLOW_CTX_TASK_ID=get_name
AIRFLOW_CTX_EXECUTION_DATE=2022-07-03T14:10:23.358973+00:00
AIRFLOW_CTX_TRY_NUMBER=1
AIRFLOW_CTX_DAG_RUN_ID=manual__2022-07-03T14:10:23.358973+00:00
[2022-07-03 14:10:25,739] {python.py:173} INFO - Done. Returned value was: Jerry
[2022-07-03 14:10:25,854] {taskinstance.py:1400} INFO - Marking task as SUCCESS. dag_id=our_dag_with_python_operator_v03, task_id=get_name, execution_date=20220703T141023, start_date=20220703T141024, end_date=20220703T141025
[2022-07-03 14:10:26,084] {local_task_job.py:156} INFO - Task exited with return code 0
[2022-07-03 14:10:26,314] {local_task_job.py:273} INFO - 0 downstream tasks scheduled from follow-on schedule check
