[2022-07-03 10:03:46,673] {taskinstance.py:1159} INFO - Dependencies all met for <TaskInstance: example_bash_operator.runme_1 scheduled__2022-07-02T00:00:00+00:00 [queued]>
[2022-07-03 10:03:50,317] {taskinstance.py:1159} INFO - Dependencies all met for <TaskInstance: example_bash_operator.runme_1 scheduled__2022-07-02T00:00:00+00:00 [queued]>
[2022-07-03 10:03:50,631] {taskinstance.py:1356} INFO - 
--------------------------------------------------------------------------------
[2022-07-03 10:03:50,652] {taskinstance.py:1357} INFO - Starting attempt 1 of 1
[2022-07-03 10:03:50,697] {taskinstance.py:1358} INFO - 
--------------------------------------------------------------------------------
[2022-07-03 10:03:56,472] {taskinstance.py:1377} INFO - Executing <Task(BashOperator): runme_1> on 2022-07-02 00:00:00+00:00
[2022-07-03 10:03:57,042] {standard_task_runner.py:52} INFO - Started process 1612 to run task
[2022-07-03 10:03:57,879] {standard_task_runner.py:79} INFO - Running: ['***', 'tasks', 'run', 'example_bash_operator', 'runme_1', 'scheduled__2022-07-02T00:00:00+00:00', '--job-id', '12', '--raw', '--subdir', '/home/***/.local/lib/python3.7/site-packages/***/example_dags/example_bash_operator.py', '--cfg-path', '/tmp/tmpisjtoa34', '--error-file', '/tmp/tmpmu0xq6c_']
[2022-07-03 10:03:57,963] {standard_task_runner.py:80} INFO - Job 12: Subtask runme_1
[2022-07-03 10:04:05,334] {task_command.py:370} INFO - Running <TaskInstance: example_bash_operator.runme_1 scheduled__2022-07-02T00:00:00+00:00 [running]> on host 5f7c6419fd02
[2022-07-03 10:04:41,017] {taskinstance.py:1571} INFO - Exporting the following env vars:
AIRFLOW_CTX_DAG_OWNER=***
AIRFLOW_CTX_DAG_ID=example_bash_operator
AIRFLOW_CTX_TASK_ID=runme_1
AIRFLOW_CTX_EXECUTION_DATE=2022-07-02T00:00:00+00:00
AIRFLOW_CTX_TRY_NUMBER=1
AIRFLOW_CTX_DAG_RUN_ID=scheduled__2022-07-02T00:00:00+00:00
[2022-07-03 10:04:41,073] {subprocess.py:62} INFO - Tmp dir root location: 
 /tmp
[2022-07-03 10:04:41,089] {subprocess.py:74} INFO - Running command: ['bash', '-c', 'echo "example_bash_operator__runme_1__20220702" && sleep 1']
[2022-07-03 10:04:41,701] {subprocess.py:85} INFO - Output:
[2022-07-03 10:04:41,729] {subprocess.py:92} INFO - example_bash_operator__runme_1__20220702
[2022-07-03 10:04:42,760] {subprocess.py:96} INFO - Command exited with return code 0
[2022-07-03 10:04:44,328] {taskinstance.py:1400} INFO - Marking task as SUCCESS. dag_id=example_bash_operator, task_id=runme_1, execution_date=20220702T000000, start_date=20220703T100347, end_date=20220703T100444
[2022-07-03 10:04:45,447] {local_task_job.py:156} INFO - Task exited with return code 0
[2022-07-03 10:04:51,648] {local_task_job.py:273} INFO - 0 downstream tasks scheduled from follow-on schedule check
