[2022-07-03 13:57:15,631] {taskinstance.py:1159} INFO - Dependencies all met for <TaskInstance: our_dag_with_python_operator_v02.greet scheduled__2022-07-02T00:00:00+00:00 [queued]>
[2022-07-03 13:57:15,716] {taskinstance.py:1159} INFO - Dependencies all met for <TaskInstance: our_dag_with_python_operator_v02.greet scheduled__2022-07-02T00:00:00+00:00 [queued]>
[2022-07-03 13:57:15,731] {taskinstance.py:1356} INFO - 
--------------------------------------------------------------------------------
[2022-07-03 13:57:15,743] {taskinstance.py:1357} INFO - Starting attempt 1 of 6
[2022-07-03 13:57:15,755] {taskinstance.py:1358} INFO - 
--------------------------------------------------------------------------------
[2022-07-03 13:57:15,850] {taskinstance.py:1377} INFO - Executing <Task(PythonOperator): greet> on 2022-07-02 00:00:00+00:00
[2022-07-03 13:57:15,922] {standard_task_runner.py:52} INFO - Started process 2182 to run task
[2022-07-03 13:57:15,933] {standard_task_runner.py:79} INFO - Running: ['***', 'tasks', 'run', 'our_dag_with_python_operator_v02', 'greet', 'scheduled__2022-07-02T00:00:00+00:00', '--job-id', '18', '--raw', '--subdir', 'DAGS_FOLDER/create_dag_with_python_operator.py', '--cfg-path', '/tmp/tmpjie612yg', '--error-file', '/tmp/tmp9k77mtxa']
[2022-07-03 13:57:15,956] {standard_task_runner.py:80} INFO - Job 18: Subtask greet
[2022-07-03 13:57:16,317] {task_command.py:370} INFO - Running <TaskInstance: our_dag_with_python_operator_v02.greet scheduled__2022-07-02T00:00:00+00:00 [running]> on host 677d749653ef
[2022-07-03 13:57:16,575] {taskinstance.py:1571} INFO - Exporting the following env vars:
AIRFLOW_CTX_DAG_OWNER=coder2j
AIRFLOW_CTX_DAG_ID=our_dag_with_python_operator_v02
AIRFLOW_CTX_TASK_ID=greet
AIRFLOW_CTX_EXECUTION_DATE=2022-07-02T00:00:00+00:00
AIRFLOW_CTX_TRY_NUMBER=1
AIRFLOW_CTX_DAG_RUN_ID=scheduled__2022-07-02T00:00:00+00:00
[2022-07-03 13:57:16,582] {logging_mixin.py:115} INFO - Hello World! My name is Tom, and I am 20 years old!
[2022-07-03 13:57:16,586] {python.py:173} INFO - Done. Returned value was: None
[2022-07-03 13:57:16,615] {taskinstance.py:1400} INFO - Marking task as SUCCESS. dag_id=our_dag_with_python_operator_v02, task_id=greet, execution_date=20220702T000000, start_date=20220703T135715, end_date=20220703T135716
[2022-07-03 13:57:16,698] {local_task_job.py:156} INFO - Task exited with return code 0
[2022-07-03 13:57:16,789] {local_task_job.py:273} INFO - 0 downstream tasks scheduled from follow-on schedule check
