[2022-07-03 13:55:02,888] {taskinstance.py:1159} INFO - Dependencies all met for <TaskInstance: our_dag_with_python_operator_v01.greet manual__2022-07-03T13:55:01.261165+00:00 [queued]>
[2022-07-03 13:55:02,941] {taskinstance.py:1159} INFO - Dependencies all met for <TaskInstance: our_dag_with_python_operator_v01.greet manual__2022-07-03T13:55:01.261165+00:00 [queued]>
[2022-07-03 13:55:02,947] {taskinstance.py:1356} INFO - 
--------------------------------------------------------------------------------
[2022-07-03 13:55:02,951] {taskinstance.py:1357} INFO - Starting attempt 1 of 6
[2022-07-03 13:55:02,963] {taskinstance.py:1358} INFO - 
--------------------------------------------------------------------------------
[2022-07-03 13:55:03,027] {taskinstance.py:1377} INFO - Executing <Task(PythonOperator): greet> on 2022-07-03 13:55:01.261165+00:00
[2022-07-03 13:55:03,055] {standard_task_runner.py:52} INFO - Started process 2045 to run task
[2022-07-03 13:55:03,126] {standard_task_runner.py:79} INFO - Running: ['***', 'tasks', 'run', 'our_dag_with_python_operator_v01', 'greet', 'manual__2022-07-03T13:55:01.261165+00:00', '--job-id', '15', '--raw', '--subdir', 'DAGS_FOLDER/create_dag_with_python_operator.py', '--cfg-path', '/tmp/tmpd_3bm776', '--error-file', '/tmp/tmpuig272la']
[2022-07-03 13:55:03,150] {standard_task_runner.py:80} INFO - Job 15: Subtask greet
[2022-07-03 13:55:03,556] {task_command.py:370} INFO - Running <TaskInstance: our_dag_with_python_operator_v01.greet manual__2022-07-03T13:55:01.261165+00:00 [running]> on host 677d749653ef
[2022-07-03 13:55:03,878] {taskinstance.py:1571} INFO - Exporting the following env vars:
AIRFLOW_CTX_DAG_OWNER=coder2j
AIRFLOW_CTX_DAG_ID=our_dag_with_python_operator_v01
AIRFLOW_CTX_TASK_ID=greet
AIRFLOW_CTX_EXECUTION_DATE=2022-07-03T13:55:01.261165+00:00
AIRFLOW_CTX_TRY_NUMBER=1
AIRFLOW_CTX_DAG_RUN_ID=manual__2022-07-03T13:55:01.261165+00:00
[2022-07-03 13:55:03,892] {logging_mixin.py:115} INFO - Hello World!
[2022-07-03 13:55:03,913] {python.py:173} INFO - Done. Returned value was: None
[2022-07-03 13:55:04,108] {taskinstance.py:1400} INFO - Marking task as SUCCESS. dag_id=our_dag_with_python_operator_v01, task_id=greet, execution_date=20220703T135501, start_date=20220703T135502, end_date=20220703T135504
[2022-07-03 13:55:04,319] {local_task_job.py:156} INFO - Task exited with return code 0
[2022-07-03 13:55:04,701] {local_task_job.py:273} INFO - 0 downstream tasks scheduled from follow-on schedule check
