[2022-07-03 14:15:50,081] {taskinstance.py:1159} INFO - Dependencies all met for <TaskInstance: our_dag_with_python_operator_v06.greet scheduled__2022-07-02T00:00:00+00:00 [queued]>
[2022-07-03 14:15:50,104] {taskinstance.py:1159} INFO - Dependencies all met for <TaskInstance: our_dag_with_python_operator_v06.greet scheduled__2022-07-02T00:00:00+00:00 [queued]>
[2022-07-03 14:15:50,108] {taskinstance.py:1356} INFO - 
--------------------------------------------------------------------------------
[2022-07-03 14:15:50,110] {taskinstance.py:1357} INFO - Starting attempt 1 of 6
[2022-07-03 14:15:50,115] {taskinstance.py:1358} INFO - 
--------------------------------------------------------------------------------
[2022-07-03 14:15:50,154] {taskinstance.py:1377} INFO - Executing <Task(PythonOperator): greet> on 2022-07-02 00:00:00+00:00
[2022-07-03 14:15:50,174] {standard_task_runner.py:52} INFO - Started process 3429 to run task
[2022-07-03 14:15:50,182] {standard_task_runner.py:79} INFO - Running: ['***', 'tasks', 'run', 'our_dag_with_python_operator_v06', 'greet', 'scheduled__2022-07-02T00:00:00+00:00', '--job-id', '26', '--raw', '--subdir', 'DAGS_FOLDER/create_dag_with_python_operator.py', '--cfg-path', '/tmp/tmp1ka4nlzf', '--error-file', '/tmp/tmpz7cc2hja']
[2022-07-03 14:15:50,188] {standard_task_runner.py:80} INFO - Job 26: Subtask greet
[2022-07-03 14:15:50,346] {task_command.py:370} INFO - Running <TaskInstance: our_dag_with_python_operator_v06.greet scheduled__2022-07-02T00:00:00+00:00 [running]> on host 677d749653ef
[2022-07-03 14:15:50,693] {taskinstance.py:1571} INFO - Exporting the following env vars:
AIRFLOW_CTX_DAG_OWNER=coder2j
AIRFLOW_CTX_DAG_ID=our_dag_with_python_operator_v06
AIRFLOW_CTX_TASK_ID=greet
AIRFLOW_CTX_EXECUTION_DATE=2022-07-02T00:00:00+00:00
AIRFLOW_CTX_TRY_NUMBER=1
AIRFLOW_CTX_DAG_RUN_ID=scheduled__2022-07-02T00:00:00+00:00
[2022-07-03 14:15:50,820] {logging_mixin.py:115} INFO - Hello World! My name is Jerry Friedman, and I am 20 years old!
[2022-07-03 14:15:50,842] {python.py:173} INFO - Done. Returned value was: None
[2022-07-03 14:15:50,982] {taskinstance.py:1400} INFO - Marking task as SUCCESS. dag_id=our_dag_with_python_operator_v06, task_id=greet, execution_date=20220702T000000, start_date=20220703T141550, end_date=20220703T141550
[2022-07-03 14:15:51,242] {local_task_job.py:156} INFO - Task exited with return code 0
[2022-07-03 14:15:51,827] {local_task_job.py:273} INFO - 0 downstream tasks scheduled from follow-on schedule check
