[2022-07-03 14:13:07,581] {taskinstance.py:1159} INFO - Dependencies all met for <TaskInstance: our_dag_with_python_operator_v05.greet manual__2022-07-03T14:13:03.675366+00:00 [queued]>
[2022-07-03 14:13:07,611] {taskinstance.py:1159} INFO - Dependencies all met for <TaskInstance: our_dag_with_python_operator_v05.greet manual__2022-07-03T14:13:03.675366+00:00 [queued]>
[2022-07-03 14:13:07,615] {taskinstance.py:1356} INFO - 
--------------------------------------------------------------------------------
[2022-07-03 14:13:07,617] {taskinstance.py:1357} INFO - Starting attempt 1 of 6
[2022-07-03 14:13:07,620] {taskinstance.py:1358} INFO - 
--------------------------------------------------------------------------------
[2022-07-03 14:13:07,651] {taskinstance.py:1377} INFO - Executing <Task(PythonOperator): greet> on 2022-07-03 14:13:03.675366+00:00
[2022-07-03 14:13:07,669] {standard_task_runner.py:52} INFO - Started process 3253 to run task
[2022-07-03 14:13:07,686] {standard_task_runner.py:79} INFO - Running: ['***', 'tasks', 'run', 'our_dag_with_python_operator_v05', 'greet', 'manual__2022-07-03T14:13:03.675366+00:00', '--job-id', '23', '--raw', '--subdir', 'DAGS_FOLDER/create_dag_with_python_operator.py', '--cfg-path', '/tmp/tmpjk5x6s9t', '--error-file', '/tmp/tmpvhf2botw']
[2022-07-03 14:13:07,694] {standard_task_runner.py:80} INFO - Job 23: Subtask greet
[2022-07-03 14:13:08,258] {task_command.py:370} INFO - Running <TaskInstance: our_dag_with_python_operator_v05.greet manual__2022-07-03T14:13:03.675366+00:00 [running]> on host 677d749653ef
[2022-07-03 14:13:08,641] {taskinstance.py:1571} INFO - Exporting the following env vars:
AIRFLOW_CTX_DAG_OWNER=coder2j
AIRFLOW_CTX_DAG_ID=our_dag_with_python_operator_v05
AIRFLOW_CTX_TASK_ID=greet
AIRFLOW_CTX_EXECUTION_DATE=2022-07-03T14:13:03.675366+00:00
AIRFLOW_CTX_TRY_NUMBER=1
AIRFLOW_CTX_DAG_RUN_ID=manual__2022-07-03T14:13:03.675366+00:00
[2022-07-03 14:13:08,688] {logging_mixin.py:115} INFO - Hello World! My name is Jerry, and I am 20 years old!
[2022-07-03 14:13:08,695] {python.py:173} INFO - Done. Returned value was: None
[2022-07-03 14:13:08,730] {taskinstance.py:1400} INFO - Marking task as SUCCESS. dag_id=our_dag_with_python_operator_v05, task_id=greet, execution_date=20220703T141303, start_date=20220703T141307, end_date=20220703T141308
[2022-07-03 14:13:08,828] {local_task_job.py:156} INFO - Task exited with return code 0
[2022-07-03 14:13:08,943] {local_task_job.py:273} INFO - 0 downstream tasks scheduled from follow-on schedule check
