[2022-07-03 10:03:38,680] {taskinstance.py:1159} INFO - Dependencies all met for <TaskInstance: example_bash_operator.this_will_skip scheduled__2022-07-02T00:00:00+00:00 [queued]>
[2022-07-03 10:03:38,871] {taskinstance.py:1159} INFO - Dependencies all met for <TaskInstance: example_bash_operator.this_will_skip scheduled__2022-07-02T00:00:00+00:00 [queued]>
[2022-07-03 10:03:38,889] {taskinstance.py:1356} INFO - 
--------------------------------------------------------------------------------
[2022-07-03 10:03:38,904] {taskinstance.py:1357} INFO - Starting attempt 1 of 1
[2022-07-03 10:03:38,908] {taskinstance.py:1358} INFO - 
--------------------------------------------------------------------------------
[2022-07-03 10:03:39,201] {taskinstance.py:1377} INFO - Executing <Task(BashOperator): this_will_skip> on 2022-07-02 00:00:00+00:00
[2022-07-03 10:03:39,274] {standard_task_runner.py:52} INFO - Started process 1589 to run task
[2022-07-03 10:03:39,342] {standard_task_runner.py:79} INFO - Running: ['***', 'tasks', 'run', 'example_bash_operator', 'this_will_skip', 'scheduled__2022-07-02T00:00:00+00:00', '--job-id', '8', '--raw', '--subdir', '/home/***/.local/lib/python3.7/site-packages/***/example_dags/example_bash_operator.py', '--cfg-path', '/tmp/tmpj8p4_tdw', '--error-file', '/tmp/tmpdszfny76']
[2022-07-03 10:03:39,392] {standard_task_runner.py:80} INFO - Job 8: Subtask this_will_skip
[2022-07-03 10:03:42,919] {task_command.py:370} INFO - Running <TaskInstance: example_bash_operator.this_will_skip scheduled__2022-07-02T00:00:00+00:00 [running]> on host 5f7c6419fd02
[2022-07-03 10:04:30,805] {taskinstance.py:1571} INFO - Exporting the following env vars:
AIRFLOW_CTX_DAG_OWNER=***
AIRFLOW_CTX_DAG_ID=example_bash_operator
AIRFLOW_CTX_TASK_ID=this_will_skip
AIRFLOW_CTX_EXECUTION_DATE=2022-07-02T00:00:00+00:00
AIRFLOW_CTX_TRY_NUMBER=1
AIRFLOW_CTX_DAG_RUN_ID=scheduled__2022-07-02T00:00:00+00:00
[2022-07-03 10:04:30,932] {subprocess.py:62} INFO - Tmp dir root location: 
 /tmp
[2022-07-03 10:04:30,955] {subprocess.py:74} INFO - Running command: ['bash', '-c', 'echo "hello world"; exit 99;']
[2022-07-03 10:04:31,904] {subprocess.py:85} INFO - Output:
[2022-07-03 10:04:32,168] {subprocess.py:92} INFO - hello world
[2022-07-03 10:04:32,247] {subprocess.py:96} INFO - Command exited with return code 99
[2022-07-03 10:04:32,288] {taskinstance.py:1478} INFO - Bash command returned exit code 99. Skipping.
[2022-07-03 10:04:32,737] {taskinstance.py:1400} INFO - Marking task as SKIPPED. dag_id=example_bash_operator, task_id=this_will_skip, execution_date=20220702T000000, start_date=20220703T100338, end_date=20220703T100432
[2022-07-03 10:04:34,789] {local_task_job.py:221} WARNING - State of this instance has been externally set to skipped. Terminating instance.
[2022-07-03 10:04:35,177] {process_utils.py:129} INFO - Sending Signals.SIGTERM to group 1589. PIDs of all processes in the group: [1589]
[2022-07-03 10:04:35,234] {process_utils.py:80} INFO - Sending the signal Signals.SIGTERM to group 1589
[2022-07-03 10:04:37,512] {process_utils.py:75} INFO - Process psutil.Process(pid=1589, status='terminated', exitcode=0, started='10:03:38') (1589) terminated with exit code 0
