[2022-07-03 10:03:40,444] {taskinstance.py:1159} INFO - Dependencies all met for <TaskInstance: example_bash_operator.runme_2 scheduled__2022-07-02T00:00:00+00:00 [queued]>
[2022-07-03 10:03:41,755] {taskinstance.py:1159} INFO - Dependencies all met for <TaskInstance: example_bash_operator.runme_2 scheduled__2022-07-02T00:00:00+00:00 [queued]>
[2022-07-03 10:03:41,784] {taskinstance.py:1356} INFO - 
--------------------------------------------------------------------------------
[2022-07-03 10:03:41,793] {taskinstance.py:1357} INFO - Starting attempt 1 of 1
[2022-07-03 10:03:41,807] {taskinstance.py:1358} INFO - 
--------------------------------------------------------------------------------
[2022-07-03 10:03:42,059] {taskinstance.py:1377} INFO - Executing <Task(BashOperator): runme_2> on 2022-07-02 00:00:00+00:00
[2022-07-03 10:03:42,306] {standard_task_runner.py:52} INFO - Started process 1595 to run task
[2022-07-03 10:03:42,497] {standard_task_runner.py:79} INFO - Running: ['***', 'tasks', 'run', 'example_bash_operator', 'runme_2', 'scheduled__2022-07-02T00:00:00+00:00', '--job-id', '10', '--raw', '--subdir', '/home/***/.local/lib/python3.7/site-packages/***/example_dags/example_bash_operator.py', '--cfg-path', '/tmp/tmpfbw1uy9a', '--error-file', '/tmp/tmpkdsx9owv']
[2022-07-03 10:03:42,546] {standard_task_runner.py:80} INFO - Job 10: Subtask runme_2
[2022-07-03 10:03:44,143] {task_command.py:370} INFO - Running <TaskInstance: example_bash_operator.runme_2 scheduled__2022-07-02T00:00:00+00:00 [running]> on host 5f7c6419fd02
[2022-07-03 10:04:39,701] {taskinstance.py:1571} INFO - Exporting the following env vars:
AIRFLOW_CTX_DAG_OWNER=***
AIRFLOW_CTX_DAG_ID=example_bash_operator
AIRFLOW_CTX_TASK_ID=runme_2
AIRFLOW_CTX_EXECUTION_DATE=2022-07-02T00:00:00+00:00
AIRFLOW_CTX_TRY_NUMBER=1
AIRFLOW_CTX_DAG_RUN_ID=scheduled__2022-07-02T00:00:00+00:00
[2022-07-03 10:04:39,789] {subprocess.py:62} INFO - Tmp dir root location: 
 /tmp
[2022-07-03 10:04:39,812] {subprocess.py:74} INFO - Running command: ['bash', '-c', 'echo "example_bash_operator__runme_2__20220702" && sleep 1']
[2022-07-03 10:04:39,959] {subprocess.py:85} INFO - Output:
[2022-07-03 10:04:39,969] {subprocess.py:92} INFO - example_bash_operator__runme_2__20220702
[2022-07-03 10:04:41,001] {subprocess.py:96} INFO - Command exited with return code 0
[2022-07-03 10:04:42,282] {taskinstance.py:1400} INFO - Marking task as SUCCESS. dag_id=example_bash_operator, task_id=runme_2, execution_date=20220702T000000, start_date=20220703T100340, end_date=20220703T100442
[2022-07-03 10:04:44,232] {local_task_job.py:156} INFO - Task exited with return code 0
[2022-07-03 10:04:50,214] {local_task_job.py:273} INFO - 1 downstream tasks scheduled from follow-on schedule check
