[2022-07-03 14:20:13,988] {taskinstance.py:1159} INFO - Dependencies all met for <TaskInstance: our_dag_with_python_operator_v07.get_name manual__2022-07-03T14:20:12.262512+00:00 [queued]>
[2022-07-03 14:20:14,012] {taskinstance.py:1159} INFO - Dependencies all met for <TaskInstance: our_dag_with_python_operator_v07.get_name manual__2022-07-03T14:20:12.262512+00:00 [queued]>
[2022-07-03 14:20:14,016] {taskinstance.py:1356} INFO - 
--------------------------------------------------------------------------------
[2022-07-03 14:20:14,018] {taskinstance.py:1357} INFO - Starting attempt 1 of 6
[2022-07-03 14:20:14,021] {taskinstance.py:1358} INFO - 
--------------------------------------------------------------------------------
[2022-07-03 14:20:14,068] {taskinstance.py:1377} INFO - Executing <Task(PythonOperator): get_name> on 2022-07-03 14:20:12.262512+00:00
[2022-07-03 14:20:14,094] {standard_task_runner.py:52} INFO - Started process 3719 to run task
[2022-07-03 14:20:14,102] {standard_task_runner.py:79} INFO - Running: ['***', 'tasks', 'run', 'our_dag_with_python_operator_v07', 'get_name', 'manual__2022-07-03T14:20:12.262512+00:00', '--job-id', '32', '--raw', '--subdir', 'DAGS_FOLDER/create_dag_with_python_operator.py', '--cfg-path', '/tmp/tmp5j1pfvkx', '--error-file', '/tmp/tmpoarmhh4d']
[2022-07-03 14:20:14,111] {standard_task_runner.py:80} INFO - Job 32: Subtask get_name
[2022-07-03 14:20:14,412] {task_command.py:370} INFO - Running <TaskInstance: our_dag_with_python_operator_v07.get_name manual__2022-07-03T14:20:12.262512+00:00 [running]> on host 677d749653ef
[2022-07-03 14:20:15,478] {taskinstance.py:1571} INFO - Exporting the following env vars:
AIRFLOW_CTX_DAG_OWNER=coder2j
AIRFLOW_CTX_DAG_ID=our_dag_with_python_operator_v07
AIRFLOW_CTX_TASK_ID=get_name
AIRFLOW_CTX_EXECUTION_DATE=2022-07-03T14:20:12.262512+00:00
AIRFLOW_CTX_TRY_NUMBER=1
AIRFLOW_CTX_DAG_RUN_ID=manual__2022-07-03T14:20:12.262512+00:00
[2022-07-03 14:20:15,711] {python.py:173} INFO - Done. Returned value was: None
[2022-07-03 14:20:15,762] {taskinstance.py:1400} INFO - Marking task as SUCCESS. dag_id=our_dag_with_python_operator_v07, task_id=get_name, execution_date=20220703T142012, start_date=20220703T142013, end_date=20220703T142015
[2022-07-03 14:20:15,935] {local_task_job.py:156} INFO - Task exited with return code 0
[2022-07-03 14:20:16,105] {local_task_job.py:273} INFO - 1 downstream tasks scheduled from follow-on schedule check
