[2022-07-03 13:46:11,553] {taskinstance.py:1159} INFO - Dependencies all met for <TaskInstance: our_first_dag_v3.first_task manual__2022-07-03T13:46:10.455791+00:00 [queued]>
[2022-07-03 13:46:11,576] {taskinstance.py:1159} INFO - Dependencies all met for <TaskInstance: our_first_dag_v3.first_task manual__2022-07-03T13:46:10.455791+00:00 [queued]>
[2022-07-03 13:46:11,579] {taskinstance.py:1356} INFO - 
--------------------------------------------------------------------------------
[2022-07-03 13:46:11,582] {taskinstance.py:1357} INFO - Starting attempt 1 of 6
[2022-07-03 13:46:11,592] {taskinstance.py:1358} INFO - 
--------------------------------------------------------------------------------
[2022-07-03 13:46:11,619] {taskinstance.py:1377} INFO - Executing <Task(BashOperator): first_task> on 2022-07-03 13:46:10.455791+00:00
[2022-07-03 13:46:11,632] {standard_task_runner.py:52} INFO - Started process 1478 to run task
[2022-07-03 13:46:11,638] {standard_task_runner.py:79} INFO - Running: ['***', 'tasks', 'run', 'our_first_dag_v3', 'first_task', 'manual__2022-07-03T13:46:10.455791+00:00', '--job-id', '6', '--raw', '--subdir', 'DAGS_FOLDER/our_first_dag.py', '--cfg-path', '/tmp/tmpenff3vzc', '--error-file', '/tmp/tmpjed4wu7n']
[2022-07-03 13:46:11,643] {standard_task_runner.py:80} INFO - Job 6: Subtask first_task
[2022-07-03 13:46:11,754] {task_command.py:370} INFO - Running <TaskInstance: our_first_dag_v3.first_task manual__2022-07-03T13:46:10.455791+00:00 [running]> on host 677d749653ef
[2022-07-03 13:46:11,972] {taskinstance.py:1571} INFO - Exporting the following env vars:
AIRFLOW_CTX_DAG_OWNER=coder2j
AIRFLOW_CTX_DAG_ID=our_first_dag_v3
AIRFLOW_CTX_TASK_ID=first_task
AIRFLOW_CTX_EXECUTION_DATE=2022-07-03T13:46:10.455791+00:00
AIRFLOW_CTX_TRY_NUMBER=1
AIRFLOW_CTX_DAG_RUN_ID=manual__2022-07-03T13:46:10.455791+00:00
[2022-07-03 13:46:12,002] {subprocess.py:62} INFO - Tmp dir root location: 
 /tmp
[2022-07-03 13:46:12,009] {subprocess.py:74} INFO - Running command: ['bash', '-c', 'echo hello world, this is the first task']
[2022-07-03 13:46:12,056] {subprocess.py:85} INFO - Output:
[2022-07-03 13:46:12,079] {subprocess.py:92} INFO - hello world, this is the first task
[2022-07-03 13:46:12,092] {subprocess.py:96} INFO - Command exited with return code 0
[2022-07-03 13:46:12,222] {taskinstance.py:1400} INFO - Marking task as SUCCESS. dag_id=our_first_dag_v3, task_id=first_task, execution_date=20220703T134610, start_date=20220703T134611, end_date=20220703T134612
[2022-07-03 13:46:12,348] {local_task_job.py:156} INFO - Task exited with return code 0
[2022-07-03 13:46:12,486] {local_task_job.py:273} INFO - 2 downstream tasks scheduled from follow-on schedule check
