[2022-07-03 13:57:15,657] {taskinstance.py:1159} INFO - Dependencies all met for <TaskInstance: our_dag_with_python_operator_v02.greet manual__2022-07-03T13:57:13.594091+00:00 [queued]>
[2022-07-03 13:57:15,734] {taskinstance.py:1159} INFO - Dependencies all met for <TaskInstance: our_dag_with_python_operator_v02.greet manual__2022-07-03T13:57:13.594091+00:00 [queued]>
[2022-07-03 13:57:15,747] {taskinstance.py:1356} INFO - 
--------------------------------------------------------------------------------
[2022-07-03 13:57:15,763] {taskinstance.py:1357} INFO - Starting attempt 1 of 6
[2022-07-03 13:57:15,778] {taskinstance.py:1358} INFO - 
--------------------------------------------------------------------------------
[2022-07-03 13:57:15,880] {taskinstance.py:1377} INFO - Executing <Task(PythonOperator): greet> on 2022-07-03 13:57:13.594091+00:00
[2022-07-03 13:57:15,927] {standard_task_runner.py:52} INFO - Started process 2183 to run task
[2022-07-03 13:57:15,964] {standard_task_runner.py:79} INFO - Running: ['***', 'tasks', 'run', 'our_dag_with_python_operator_v02', 'greet', 'manual__2022-07-03T13:57:13.594091+00:00', '--job-id', '17', '--raw', '--subdir', 'DAGS_FOLDER/create_dag_with_python_operator.py', '--cfg-path', '/tmp/tmp051_kmkx', '--error-file', '/tmp/tmpkaxii9g6']
[2022-07-03 13:57:16,022] {standard_task_runner.py:80} INFO - Job 17: Subtask greet
[2022-07-03 13:57:16,321] {task_command.py:370} INFO - Running <TaskInstance: our_dag_with_python_operator_v02.greet manual__2022-07-03T13:57:13.594091+00:00 [running]> on host 677d749653ef
[2022-07-03 13:57:16,557] {taskinstance.py:1571} INFO - Exporting the following env vars:
AIRFLOW_CTX_DAG_OWNER=coder2j
AIRFLOW_CTX_DAG_ID=our_dag_with_python_operator_v02
AIRFLOW_CTX_TASK_ID=greet
AIRFLOW_CTX_EXECUTION_DATE=2022-07-03T13:57:13.594091+00:00
AIRFLOW_CTX_TRY_NUMBER=1
AIRFLOW_CTX_DAG_RUN_ID=manual__2022-07-03T13:57:13.594091+00:00
[2022-07-03 13:57:16,566] {logging_mixin.py:115} INFO - Hello World! My name is Tom, and I am 20 years old!
[2022-07-03 13:57:16,570] {python.py:173} INFO - Done. Returned value was: None
[2022-07-03 13:57:16,602] {taskinstance.py:1400} INFO - Marking task as SUCCESS. dag_id=our_dag_with_python_operator_v02, task_id=greet, execution_date=20220703T135713, start_date=20220703T135715, end_date=20220703T135716
[2022-07-03 13:57:16,656] {local_task_job.py:156} INFO - Task exited with return code 0
[2022-07-03 13:57:16,729] {local_task_job.py:273} INFO - 0 downstream tasks scheduled from follow-on schedule check
