[2022-07-03 13:47:37,447] {taskinstance.py:1159} INFO - Dependencies all met for <TaskInstance: our_first_dag_v4.third_task manual__2022-07-03T13:47:33.061899+00:00 [queued]>
[2022-07-03 13:47:37,516] {taskinstance.py:1159} INFO - Dependencies all met for <TaskInstance: our_first_dag_v4.third_task manual__2022-07-03T13:47:33.061899+00:00 [queued]>
[2022-07-03 13:47:37,525] {taskinstance.py:1356} INFO - 
--------------------------------------------------------------------------------
[2022-07-03 13:47:37,545] {taskinstance.py:1357} INFO - Starting attempt 1 of 6
[2022-07-03 13:47:37,563] {taskinstance.py:1358} INFO - 
--------------------------------------------------------------------------------
[2022-07-03 13:47:37,638] {taskinstance.py:1377} INFO - Executing <Task(BashOperator): third_task> on 2022-07-03 13:47:33.061899+00:00
[2022-07-03 13:47:37,712] {standard_task_runner.py:52} INFO - Started process 1579 to run task
[2022-07-03 13:47:37,731] {standard_task_runner.py:79} INFO - Running: ['***', 'tasks', 'run', 'our_first_dag_v4', 'third_task', 'manual__2022-07-03T13:47:33.061899+00:00', '--job-id', '11', '--raw', '--subdir', 'DAGS_FOLDER/our_first_dag.py', '--cfg-path', '/tmp/tmpw879xwwi', '--error-file', '/tmp/tmpna3ymx2f']
[2022-07-03 13:47:37,742] {standard_task_runner.py:80} INFO - Job 11: Subtask third_task
[2022-07-03 13:47:38,050] {task_command.py:370} INFO - Running <TaskInstance: our_first_dag_v4.third_task manual__2022-07-03T13:47:33.061899+00:00 [running]> on host 677d749653ef
[2022-07-03 13:47:38,291] {taskinstance.py:1571} INFO - Exporting the following env vars:
AIRFLOW_CTX_DAG_OWNER=coder2j
AIRFLOW_CTX_DAG_ID=our_first_dag_v4
AIRFLOW_CTX_TASK_ID=third_task
AIRFLOW_CTX_EXECUTION_DATE=2022-07-03T13:47:33.061899+00:00
AIRFLOW_CTX_TRY_NUMBER=1
AIRFLOW_CTX_DAG_RUN_ID=manual__2022-07-03T13:47:33.061899+00:00
[2022-07-03 13:47:38,306] {subprocess.py:62} INFO - Tmp dir root location: 
 /tmp
[2022-07-03 13:47:38,312] {subprocess.py:74} INFO - Running command: ['bash', '-c', 'echo hey, I am task3 and I will be running after task1']
[2022-07-03 13:47:38,343] {subprocess.py:85} INFO - Output:
[2022-07-03 13:47:38,356] {subprocess.py:92} INFO - hey, I am task3 and I will be running after task1
[2022-07-03 13:47:38,376] {subprocess.py:96} INFO - Command exited with return code 0
[2022-07-03 13:47:38,516] {taskinstance.py:1400} INFO - Marking task as SUCCESS. dag_id=our_first_dag_v4, task_id=third_task, execution_date=20220703T134733, start_date=20220703T134737, end_date=20220703T134738
[2022-07-03 13:47:38,596] {local_task_job.py:156} INFO - Task exited with return code 0
[2022-07-03 13:47:38,727] {local_task_job.py:273} INFO - 0 downstream tasks scheduled from follow-on schedule check
